
Showing logs for build [32mcb-kubecd-environment-pr-202-1-p8zsl-1[0m stage [32mfrom-build-pack[0m and container [32mstep-credential-initializer-wdk46[0m
{"level":"info","ts":1587007310.7223551,"logger":"fallback-logger","caller":"logging/config.go:69","msg":"Fetch GitHub commit ID from kodata failed: open /var/run/ko/refs/heads/0.8.0-ns-support: no such file or directory"}
{"level":"info","ts":1587007310.7238567,"logger":"fallback-logger","caller":"creds-init/main.go:40","msg":"Credentials initialized."}

Showing logs for build [32mcb-kubecd-environment-pr-202-1-p8zsl-1[0m stage [32mfrom-build-pack[0m and container [32mstep-working-dir-initializer-snrkd[0m
{"level":"info","ts":1587007311.583516,"logger":"fallback-logger","caller":"logging/config.go:69","msg":"Fetch GitHub commit ID from kodata failed: open /var/run/ko/HEAD: no such file or directory"}
{"level":"info","ts":1587007311.5886195,"logger":"fallback-logger","caller":"bash/main.go:64","msg":"Successfully executed command \"sh -c mkdir -p /workspace/source\"; output "}

Showing logs for build [32mcb-kubecd-environment-pr-202-1-p8zsl-1[0m stage [32mfrom-build-pack[0m and container [32mstep-place-tools[0m

Showing logs for build [32mcb-kubecd-environment-pr-202-1-p8zsl-1[0m stage [32mfrom-build-pack[0m and container [32mstep-git-source-cb-kubecd-environment-pr-202-1-p8zsl-jg2xd[0m
{"level":"info","ts":1587007316.6969976,"logger":"fallback-logger","caller":"logging/config.go:69","msg":"Fetch GitHub commit ID from kodata failed: open /var/run/ko/refs/heads/0.8.0-ns-support: no such file or directory"}
{"level":"info","ts":1587007317.8871367,"logger":"fallback-logger","caller":"git/git.go:103","msg":"Successfully cloned https://github.com/cb-kubecd/environment-pr-202-1-boot-gke-staging.git @ master in path /workspace/source"}

Showing logs for build [32mcb-kubecd-environment-pr-202-1-p8zsl-1[0m stage [32mfrom-build-pack[0m and container [32mstep-git-merge[0m
Using SHAs from PULL_REFS=master:83bfb983b37b6a3e93b22af54fd790b9666e4271,4:7bb90cb200b16e59b9ac2a34a0264fcc77d548ab
DEBUG: LC_ALL=C JX_LOG_LEVEL=error git fetch origin --unshallow 7bb90cb200b16e59b9ac2a34a0264fcc77d548ab: 83bfb983b37b6a3e93b22af54fd790b9666e4271:
DEBUG: ran git fetch --unshallow origin 7bb90cb200b16e59b9ac2a34a0264fcc77d548ab: 83bfb983b37b6a3e93b22af54fd790b9666e4271: in 
DEBUG: LC_ALL=C JX_LOG_LEVEL=error git branch
DEBUG: LC_ALL=C JX_LOG_LEVEL=error git checkout master
DEBUG: ran git checkout master in 
DEBUG: LC_ALL=C JX_LOG_LEVEL=error git reset --hard 83bfb983b37b6a3e93b22af54fd790b9666e4271
DEBUG: ran git reset --hard 83bfb983b37b6a3e93b22af54fd790b9666e4271 in 
DEBUG: LC_ALL=C JX_LOG_LEVEL=error git clean -fd .
DEBUG: ran clean --force -d . in 
DEBUG: LC_ALL=C JX_LOG_LEVEL=error git merge 7bb90cb200b16e59b9ac2a34a0264fcc77d548ab
DEBUG: ran git merge 7bb90cb200b16e59b9ac2a34a0264fcc77d548ab in 
DEBUG: LC_ALL=C JX_LOG_LEVEL=error git log --format=%H%x1f%an%x1f%ae%x1f%cn%x1f%ce%x1f%s%n%b%x1e 83bfb983b37b6a3e93b22af54fd790b9666e4271..HEAD
Merged SHA 7bb90cb200b16e59b9ac2a34a0264fcc77d548ab with commit message 'chore: Promote bdd-gh-1587005322 to version 0.0.1' into base branch master

Showing logs for build [32mcb-kubecd-environment-pr-202-1-p8zsl-1[0m stage [32mfrom-build-pack[0m and container [32mstep-build-helm-build[0m
WARNING: No $CHART_REPOSITORY defined so using the default value of: http://jenkins-x-chartmuseum:8080
Adding missing Helm repo: storage.googleapis.com https://storage.googleapis.com/chartmuseum.jenkins-x.io
WARNING: No secrets found on "helm/repos" due: reading the secret "helm/repos" from vault: no secret "helm/repos" not found in vault
Read credentials for https://storage.googleapis.com/chartmuseum.jenkins-x.io from vault helm/repos
Successfully added Helm repository storage.googleapis.com.
Adding missing Helm repo: jenkins-x-chartmuseum http://jenkins-x-chartmuseum:8080
WARNING: No secrets found on "helm/repos" due: reading the secret "helm/repos" from vault: no secret "helm/repos" not found in vault
Read credentials for http://jenkins-x-chartmuseum:8080 from vault helm/repos
Successfully added Helm repository jenkins-x-chartmuseum.
WARNING: No $CHART_REPOSITORY defined so using the default value of: http://jenkins-x-chartmuseum:8080
Adding missing Helm repo: chartmuseum.jenkins-x.io http://chartmuseum.jenkins-x.io
WARNING: No secrets found on "helm/repos" due: reading the secret "helm/repos" from vault: no secret "helm/repos" not found in vault
Read credentials for http://chartmuseum.jenkins-x.io from vault helm/repos
Successfully added Helm repository chartmuseum.jenkins-x.io.
