
Showing logs for build [32mcb-kubecd-environment-pr-202-1-84p52-1[0m stage [32mfrom-build-pack[0m and container [32mstep-credential-initializer-gscds[0m
{"level":"info","ts":1587009463.8890588,"logger":"fallback-logger","caller":"logging/config.go:69","msg":"Fetch GitHub commit ID from kodata failed: open /var/run/ko/refs/heads/0.8.0-ns-support: no such file or directory"}
{"level":"info","ts":1587009463.8900218,"logger":"fallback-logger","caller":"creds-init/main.go:40","msg":"Credentials initialized."}

Showing logs for build [32mcb-kubecd-environment-pr-202-1-84p52-1[0m stage [32mfrom-build-pack[0m and container [32mstep-working-dir-initializer-p9ln6[0m
{"level":"info","ts":1587009464.8208725,"logger":"fallback-logger","caller":"logging/config.go:69","msg":"Fetch GitHub commit ID from kodata failed: open /var/run/ko/HEAD: no such file or directory"}
{"level":"info","ts":1587009464.8317707,"logger":"fallback-logger","caller":"bash/main.go:64","msg":"Successfully executed command \"sh -c mkdir -p /workspace/source\"; output "}

Showing logs for build [32mcb-kubecd-environment-pr-202-1-84p52-1[0m stage [32mfrom-build-pack[0m and container [32mstep-place-tools[0m

Showing logs for build [32mcb-kubecd-environment-pr-202-1-84p52-1[0m stage [32mfrom-build-pack[0m and container [32mstep-git-source-cb-kubecd-environment-pr-202-1-84p52-4hj7n[0m
{"level":"info","ts":1587009471.0003068,"logger":"fallback-logger","caller":"logging/config.go:69","msg":"Fetch GitHub commit ID from kodata failed: open /var/run/ko/refs/heads/0.8.0-ns-support: no such file or directory"}
{"level":"info","ts":1587009472.214617,"logger":"fallback-logger","caller":"git/git.go:103","msg":"Successfully cloned https://github.com/cb-kubecd/environment-pr-202-1-boot-gke-staging.git @ master in path /workspace/source"}

Showing logs for build [32mcb-kubecd-environment-pr-202-1-84p52-1[0m stage [32mfrom-build-pack[0m and container [32mstep-git-merge[0m
Using SHAs from PULL_REFS=master:e00f85ff2da2684abe88506c3646438fdbf96060,8:e9d932fc8b8d121202971c45e4a463d97eb70e7f
DEBUG: LC_ALL=C JX_LOG_LEVEL=error git fetch origin --unshallow e9d932fc8b8d121202971c45e4a463d97eb70e7f: e00f85ff2da2684abe88506c3646438fdbf96060:
DEBUG: ran git fetch --unshallow origin e9d932fc8b8d121202971c45e4a463d97eb70e7f: e00f85ff2da2684abe88506c3646438fdbf96060: in 
DEBUG: LC_ALL=C JX_LOG_LEVEL=error git branch
DEBUG: LC_ALL=C JX_LOG_LEVEL=error git checkout master
DEBUG: ran git checkout master in 
DEBUG: JX_LOG_LEVEL=error LC_ALL=C git reset --hard e00f85ff2da2684abe88506c3646438fdbf96060
DEBUG: ran git reset --hard e00f85ff2da2684abe88506c3646438fdbf96060 in 
DEBUG: LC_ALL=C JX_LOG_LEVEL=error git clean -fd .
DEBUG: ran clean --force -d . in 
DEBUG: LC_ALL=C JX_LOG_LEVEL=error git merge e9d932fc8b8d121202971c45e4a463d97eb70e7f
DEBUG: ran git merge e9d932fc8b8d121202971c45e4a463d97eb70e7f in 
DEBUG: LC_ALL=C JX_LOG_LEVEL=error git log --format=%H%x1f%an%x1f%ae%x1f%cn%x1f%ce%x1f%s%n%b%x1e e00f85ff2da2684abe88506c3646438fdbf96060..HEAD
Merged SHA e9d932fc8b8d121202971c45e4a463d97eb70e7f with commit message 'chore: Promote bdd-sbrp-import-1587007764 to version 0.0.1' into base branch master

Showing logs for build [32mcb-kubecd-environment-pr-202-1-84p52-1[0m stage [32mfrom-build-pack[0m and container [32mstep-build-helm-build[0m
WARNING: No $CHART_REPOSITORY defined so using the default value of: http://jenkins-x-chartmuseum:8080
Adding missing Helm repo: storage.googleapis.com https://storage.googleapis.com/chartmuseum.jenkins-x.io
WARNING: No secrets found on "helm/repos" due: reading the secret "helm/repos" from vault: no secret "helm/repos" not found in vault
Read credentials for https://storage.googleapis.com/chartmuseum.jenkins-x.io from vault helm/repos
Successfully added Helm repository storage.googleapis.com.
Adding missing Helm repo: jenkins-x-chartmuseum http://jenkins-x-chartmuseum:8080
WARNING: No secrets found on "helm/repos" due: reading the secret "helm/repos" from vault: no secret "helm/repos" not found in vault
Read credentials for http://jenkins-x-chartmuseum:8080 from vault helm/repos
Successfully added Helm repository jenkins-x-chartmuseum.
WARNING: No $CHART_REPOSITORY defined so using the default value of: http://jenkins-x-chartmuseum:8080
Adding missing Helm repo: chartmuseum.jenkins-x.io http://chartmuseum.jenkins-x.io
WARNING: No secrets found on "helm/repos" due: reading the secret "helm/repos" from vault: no secret "helm/repos" not found in vault
Read credentials for http://chartmuseum.jenkins-x.io from vault helm/repos
Successfully added Helm repository chartmuseum.jenkins-x.io.
