
Showing logs for build [32mcb-kubecd-environment-pr-202-1-2v8mr-1[0m stage [32mfrom-build-pack[0m and container [32mstep-credential-initializer-g2jgq[0m
{"level":"info","ts":1587008807.4159276,"logger":"fallback-logger","caller":"logging/config.go:69","msg":"Fetch GitHub commit ID from kodata failed: open /var/run/ko/refs/heads/0.8.0-ns-support: no such file or directory"}
{"level":"info","ts":1587008807.4171963,"logger":"fallback-logger","caller":"creds-init/main.go:40","msg":"Credentials initialized."}

Showing logs for build [32mcb-kubecd-environment-pr-202-1-2v8mr-1[0m stage [32mfrom-build-pack[0m and container [32mstep-working-dir-initializer-nwbmp[0m
{"level":"info","ts":1587008808.4237652,"logger":"fallback-logger","caller":"logging/config.go:69","msg":"Fetch GitHub commit ID from kodata failed: open /var/run/ko/HEAD: no such file or directory"}
{"level":"info","ts":1587008808.4290233,"logger":"fallback-logger","caller":"bash/main.go:64","msg":"Successfully executed command \"sh -c mkdir -p /workspace/source\"; output "}

Showing logs for build [32mcb-kubecd-environment-pr-202-1-2v8mr-1[0m stage [32mfrom-build-pack[0m and container [32mstep-place-tools[0m

Showing logs for build [32mcb-kubecd-environment-pr-202-1-2v8mr-1[0m stage [32mfrom-build-pack[0m and container [32mstep-git-source-cb-kubecd-environment-pr-202-1-2v8mr-f9f7h[0m
{"level":"info","ts":1587008837.5275807,"logger":"fallback-logger","caller":"logging/config.go:69","msg":"Fetch GitHub commit ID from kodata failed: open /var/run/ko/refs/heads/0.8.0-ns-support: no such file or directory"}
{"level":"info","ts":1587008838.8001814,"logger":"fallback-logger","caller":"git/git.go:103","msg":"Successfully cloned https://github.com/cb-kubecd/environment-pr-202-1-boot-gke-staging.git @ master in path /workspace/source"}

Showing logs for build [32mcb-kubecd-environment-pr-202-1-2v8mr-1[0m stage [32mfrom-build-pack[0m and container [32mstep-git-merge[0m
Using SHAs from PULL_REFS=master:d4c0dcebe6573c9d415a814c70d71f865025e299,7:80abc0f51306c73a7dd102550b12a8a2411011f9
DEBUG: LC_ALL=C JX_LOG_LEVEL=error git fetch origin --unshallow 80abc0f51306c73a7dd102550b12a8a2411011f9: d4c0dcebe6573c9d415a814c70d71f865025e299:
DEBUG: ran git fetch --unshallow origin 80abc0f51306c73a7dd102550b12a8a2411011f9: d4c0dcebe6573c9d415a814c70d71f865025e299: in 
DEBUG: JX_LOG_LEVEL=error LC_ALL=C git branch
DEBUG: LC_ALL=C JX_LOG_LEVEL=error git checkout master
DEBUG: ran git checkout master in 
DEBUG: LC_ALL=C JX_LOG_LEVEL=error git reset --hard d4c0dcebe6573c9d415a814c70d71f865025e299
DEBUG: ran git reset --hard d4c0dcebe6573c9d415a814c70d71f865025e299 in 
DEBUG: LC_ALL=C JX_LOG_LEVEL=error git clean -fd .
DEBUG: ran clean --force -d . in 
DEBUG: LC_ALL=C JX_LOG_LEVEL=error git merge 80abc0f51306c73a7dd102550b12a8a2411011f9
DEBUG: ran git merge 80abc0f51306c73a7dd102550b12a8a2411011f9 in 
DEBUG: LC_ALL=C JX_LOG_LEVEL=error git log --format=%H%x1f%an%x1f%ae%x1f%cn%x1f%ce%x1f%s%n%b%x1e d4c0dcebe6573c9d415a814c70d71f865025e299..HEAD
Merged SHA 80abc0f51306c73a7dd102550b12a8a2411011f9 with commit message 'chore: Promote bdd-sbhg-import-1587007764 to version 0.0.1' into base branch master

Showing logs for build [32mcb-kubecd-environment-pr-202-1-2v8mr-1[0m stage [32mfrom-build-pack[0m and container [32mstep-build-helm-build[0m
WARNING: No $CHART_REPOSITORY defined so using the default value of: http://jenkins-x-chartmuseum:8080
Adding missing Helm repo: storage.googleapis.com https://storage.googleapis.com/chartmuseum.jenkins-x.io
WARNING: No secrets found on "helm/repos" due: reading the secret "helm/repos" from vault: no secret "helm/repos" not found in vault
Read credentials for https://storage.googleapis.com/chartmuseum.jenkins-x.io from vault helm/repos
Successfully added Helm repository storage.googleapis.com.
Adding missing Helm repo: jenkins-x-chartmuseum http://jenkins-x-chartmuseum:8080
WARNING: No secrets found on "helm/repos" due: reading the secret "helm/repos" from vault: no secret "helm/repos" not found in vault
Read credentials for http://jenkins-x-chartmuseum:8080 from vault helm/repos
Successfully added Helm repository jenkins-x-chartmuseum.
WARNING: No $CHART_REPOSITORY defined so using the default value of: http://jenkins-x-chartmuseum:8080
Adding missing Helm repo: chartmuseum.jenkins-x.io http://chartmuseum.jenkins-x.io
WARNING: No secrets found on "helm/repos" due: reading the secret "helm/repos" from vault: no secret "helm/repos" not found in vault
Read credentials for http://chartmuseum.jenkins-x.io from vault helm/repos
Successfully added Helm repository chartmuseum.jenkins-x.io.
