
Showing logs for build [32mcb-kubecd-environment-pr-202-1-6z6gg-1[0m stage [32mfrom-build-pack[0m and container [32mstep-credential-initializer-ch89q[0m
{"level":"info","ts":1587005674.35763,"logger":"fallback-logger","caller":"logging/config.go:69","msg":"Fetch GitHub commit ID from kodata failed: open /var/run/ko/refs/heads/0.8.0-ns-support: no such file or directory"}
{"level":"info","ts":1587005674.35825,"logger":"fallback-logger","caller":"creds-init/main.go:40","msg":"Credentials initialized."}

Showing logs for build [32mcb-kubecd-environment-pr-202-1-6z6gg-1[0m stage [32mfrom-build-pack[0m and container [32mstep-working-dir-initializer-ff5bv[0m
{"level":"info","ts":1587005675.8105361,"logger":"fallback-logger","caller":"logging/config.go:69","msg":"Fetch GitHub commit ID from kodata failed: open /var/run/ko/HEAD: no such file or directory"}
{"level":"info","ts":1587005675.812395,"logger":"fallback-logger","caller":"bash/main.go:64","msg":"Successfully executed command \"sh -c mkdir -p /workspace/source\"; output "}

Showing logs for build [32mcb-kubecd-environment-pr-202-1-6z6gg-1[0m stage [32mfrom-build-pack[0m and container [32mstep-place-tools[0m

Showing logs for build [32mcb-kubecd-environment-pr-202-1-6z6gg-1[0m stage [32mfrom-build-pack[0m and container [32mstep-git-source-cb-kubecd-environment-pr-202-1-6z6gg-hvmg8[0m
{"level":"info","ts":1587005681.3215196,"logger":"fallback-logger","caller":"logging/config.go:69","msg":"Fetch GitHub commit ID from kodata failed: open /var/run/ko/refs/heads/0.8.0-ns-support: no such file or directory"}
{"level":"info","ts":1587005682.4460442,"logger":"fallback-logger","caller":"git/git.go:103","msg":"Successfully cloned https://github.com/cb-kubecd/environment-pr-202-1-boot-gke-staging.git @ master in path /workspace/source"}

Showing logs for build [32mcb-kubecd-environment-pr-202-1-6z6gg-1[0m stage [32mfrom-build-pack[0m and container [32mstep-git-merge[0m
Using SHAs from PULL_REFS=master:8465b59fc54868c6109c9b9ba1f317d8e52830fd,2:9e09615b7d4e05636ff3e92f1c47c913849adc35
DEBUG: LC_ALL=C JX_LOG_LEVEL=error git fetch origin --unshallow 9e09615b7d4e05636ff3e92f1c47c913849adc35: 8465b59fc54868c6109c9b9ba1f317d8e52830fd:
DEBUG: ran git fetch --unshallow origin 9e09615b7d4e05636ff3e92f1c47c913849adc35: 8465b59fc54868c6109c9b9ba1f317d8e52830fd: in 
DEBUG: LC_ALL=C JX_LOG_LEVEL=error git branch
DEBUG: LC_ALL=C JX_LOG_LEVEL=error git checkout master
DEBUG: ran git checkout master in 
DEBUG: LC_ALL=C JX_LOG_LEVEL=error git reset --hard 8465b59fc54868c6109c9b9ba1f317d8e52830fd
DEBUG: ran git reset --hard 8465b59fc54868c6109c9b9ba1f317d8e52830fd in 
DEBUG: LC_ALL=C JX_LOG_LEVEL=error git clean -fd .
DEBUG: ran clean --force -d . in 
DEBUG: LC_ALL=C JX_LOG_LEVEL=error git merge 9e09615b7d4e05636ff3e92f1c47c913849adc35
DEBUG: ran git merge 9e09615b7d4e05636ff3e92f1c47c913849adc35 in 
DEBUG: LC_ALL=C JX_LOG_LEVEL=error git log --format=%H%x1f%an%x1f%ae%x1f%cn%x1f%ce%x1f%s%n%b%x1e 8465b59fc54868c6109c9b9ba1f317d8e52830fd..HEAD
Merged SHA 9e09615b7d4e05636ff3e92f1c47c913849adc35 with commit message 'chore: Promote bdd-nh-1587005322 to version 0.0.1' into base branch master

Showing logs for build [32mcb-kubecd-environment-pr-202-1-6z6gg-1[0m stage [32mfrom-build-pack[0m and container [32mstep-build-helm-build[0m
WARNING: No $CHART_REPOSITORY defined so using the default value of: http://jenkins-x-chartmuseum:8080
Adding missing Helm repo: storage.googleapis.com https://storage.googleapis.com/chartmuseum.jenkins-x.io
WARNING: No secrets found on "helm/repos" due: reading the secret "helm/repos" from vault: no secret "helm/repos" not found in vault
Read credentials for https://storage.googleapis.com/chartmuseum.jenkins-x.io from vault helm/repos
Successfully added Helm repository storage.googleapis.com.
Adding missing Helm repo: jenkins-x-chartmuseum http://jenkins-x-chartmuseum:8080
WARNING: No secrets found on "helm/repos" due: reading the secret "helm/repos" from vault: no secret "helm/repos" not found in vault
Read credentials for http://jenkins-x-chartmuseum:8080 from vault helm/repos
Successfully added Helm repository jenkins-x-chartmuseum.
WARNING: No $CHART_REPOSITORY defined so using the default value of: http://jenkins-x-chartmuseum:8080
Adding missing Helm repo: chartmuseum.jenkins-x.io http://chartmuseum.jenkins-x.io
WARNING: No secrets found on "helm/repos" due: reading the secret "helm/repos" from vault: no secret "helm/repos" not found in vault
Read credentials for http://chartmuseum.jenkins-x.io from vault helm/repos
Successfully added Helm repository chartmuseum.jenkins-x.io.
