
Showing logs for build [32mcb-kubecd-environment-pr-202-1-qk4bp-1[0m stage [32mfrom-build-pack[0m and container [32mstep-credential-initializer-mwjrn[0m
{"level":"info","ts":1587006383.3141499,"logger":"fallback-logger","caller":"logging/config.go:69","msg":"Fetch GitHub commit ID from kodata failed: open /var/run/ko/refs/heads/0.8.0-ns-support: no such file or directory"}
{"level":"info","ts":1587006383.3153248,"logger":"fallback-logger","caller":"creds-init/main.go:40","msg":"Credentials initialized."}

Showing logs for build [32mcb-kubecd-environment-pr-202-1-qk4bp-1[0m stage [32mfrom-build-pack[0m and container [32mstep-working-dir-initializer-jv69c[0m
{"level":"info","ts":1587006384.100431,"logger":"fallback-logger","caller":"logging/config.go:69","msg":"Fetch GitHub commit ID from kodata failed: open /var/run/ko/HEAD: no such file or directory"}
{"level":"info","ts":1587006384.1016452,"logger":"fallback-logger","caller":"bash/main.go:64","msg":"Successfully executed command \"sh -c mkdir -p /workspace/source\"; output "}

Showing logs for build [32mcb-kubecd-environment-pr-202-1-qk4bp-1[0m stage [32mfrom-build-pack[0m and container [32mstep-place-tools[0m

Showing logs for build [32mcb-kubecd-environment-pr-202-1-qk4bp-1[0m stage [32mfrom-build-pack[0m and container [32mstep-git-source-cb-kubecd-environment-pr-202-1-qk4bp-5q57q[0m
{"level":"info","ts":1587006389.8255048,"logger":"fallback-logger","caller":"logging/config.go:69","msg":"Fetch GitHub commit ID from kodata failed: open /var/run/ko/refs/heads/0.8.0-ns-support: no such file or directory"}
{"level":"info","ts":1587006390.9823163,"logger":"fallback-logger","caller":"git/git.go:103","msg":"Successfully cloned https://github.com/cb-kubecd/environment-pr-202-1-boot-gke-staging.git @ master in path /workspace/source"}

Showing logs for build [32mcb-kubecd-environment-pr-202-1-qk4bp-1[0m stage [32mfrom-build-pack[0m and container [32mstep-git-merge[0m
Using SHAs from PULL_REFS=master:7a5ea4e64b24adef7a39a4cf43ca5ace8ad004e5,3:6357956f5562b02d45466a791900c07d822121a4
DEBUG: LC_ALL=C JX_LOG_LEVEL=error git fetch origin --unshallow 6357956f5562b02d45466a791900c07d822121a4: 7a5ea4e64b24adef7a39a4cf43ca5ace8ad004e5:
DEBUG: ran git fetch --unshallow origin 6357956f5562b02d45466a791900c07d822121a4: 7a5ea4e64b24adef7a39a4cf43ca5ace8ad004e5: in 
DEBUG: LC_ALL=C JX_LOG_LEVEL=error git branch
DEBUG: LC_ALL=C JX_LOG_LEVEL=error git checkout master
DEBUG: ran git checkout master in 
DEBUG: LC_ALL=C JX_LOG_LEVEL=error git reset --hard 7a5ea4e64b24adef7a39a4cf43ca5ace8ad004e5
DEBUG: ran git reset --hard 7a5ea4e64b24adef7a39a4cf43ca5ace8ad004e5 in 
DEBUG: LC_ALL=C JX_LOG_LEVEL=error git clean -fd .
DEBUG: ran clean --force -d . in 
DEBUG: LC_ALL=C JX_LOG_LEVEL=error git merge 6357956f5562b02d45466a791900c07d822121a4
DEBUG: ran git merge 6357956f5562b02d45466a791900c07d822121a4 in 
DEBUG: JX_LOG_LEVEL=error LC_ALL=C git log --format=%H%x1f%an%x1f%ae%x1f%cn%x1f%ce%x1f%s%n%b%x1e 7a5ea4e64b24adef7a39a4cf43ca5ace8ad004e5..HEAD
Merged SHA 6357956f5562b02d45466a791900c07d822121a4 with commit message 'chore: Promote bdd-sbhg-1587005322 to version 0.0.1' into base branch master

Showing logs for build [32mcb-kubecd-environment-pr-202-1-qk4bp-1[0m stage [32mfrom-build-pack[0m and container [32mstep-build-helm-build[0m
WARNING: No $CHART_REPOSITORY defined so using the default value of: http://jenkins-x-chartmuseum:8080
Adding missing Helm repo: storage.googleapis.com https://storage.googleapis.com/chartmuseum.jenkins-x.io
WARNING: No secrets found on "helm/repos" due: reading the secret "helm/repos" from vault: no secret "helm/repos" not found in vault
Read credentials for https://storage.googleapis.com/chartmuseum.jenkins-x.io from vault helm/repos
Successfully added Helm repository storage.googleapis.com.
Adding missing Helm repo: jenkins-x-chartmuseum http://jenkins-x-chartmuseum:8080
WARNING: No secrets found on "helm/repos" due: reading the secret "helm/repos" from vault: no secret "helm/repos" not found in vault
Read credentials for http://jenkins-x-chartmuseum:8080 from vault helm/repos
Successfully added Helm repository jenkins-x-chartmuseum.
WARNING: No $CHART_REPOSITORY defined so using the default value of: http://jenkins-x-chartmuseum:8080
Adding missing Helm repo: chartmuseum.jenkins-x.io http://chartmuseum.jenkins-x.io
WARNING: No secrets found on "helm/repos" due: reading the secret "helm/repos" from vault: no secret "helm/repos" not found in vault
Read credentials for http://chartmuseum.jenkins-x.io from vault helm/repos
Successfully added Helm repository chartmuseum.jenkins-x.io.
